<?xml version="1.0" encoding="UTF-8"?>
<testsuite name="memory.MemoryFinderTest" tests="1" skipped="0" failures="0" errors="0" timestamp="2024-07-26T08:26:14" hostname="DESKTOP-L9524UD" time="0.112">
  <properties/>
  <testcase name="get()" classname="memory.MemoryFinderTest" time="0.112"/>
  <system-out><![CDATA[]]></system-out>
  <system-err><![CDATA[]]></system-err>
</testsuite>
